<?xml version="1.0" encoding="UTF-8"?>
<!-- Generated by org.testng.reporters.JUnitReportReporter -->
<testsuite skipped="0" hostname="SonyVaio-HK-PC" name="testngTestCases.MHCases" tests="1" failures="0" timestamp="2020-04-30T21:54:46 IST" time="134.782" errors="0">
  <testcase name="positiveCases" time="134.782" classname="testngTestCases.MHCases"/>
</testsuite> <!-- testngTestCases.MHCases -->
