<?xml version="1.0" encoding="UTF-8"?>
<!-- Generated by org.testng.reporters.JUnitReportReporter -->
<testsuite skipped="0" hostname="SonyVaio-HK-PC" name="coronaCases.MH" tests="1" failures="0" timestamp="2020-05-02T13:24:30 IST" time="19.796" errors="0">
  <testcase name="positiveCases" time="19.796" classname="coronaCases.MH"/>
</testsuite> <!-- coronaCases.MH -->
