<?xml version="1.0" encoding="UTF-8"?>
<!-- Generated by org.testng.reporters.JUnitReportReporter -->
<testsuite skipped="0" hostname="SonyVaio-HK-PC" name="testCases.MH" tests="1" failures="0" timestamp="2020-04-30T22:36:20 IST" time="15.929" errors="0">
  <testcase name="positiveCases" time="15.929" classname="testCases.MH"/>
</testsuite> <!-- testCases.MH -->
