<?xml version="1.0" encoding="UTF-8"?>
<!-- Generated by org.testng.reporters.JUnitReportReporter -->
<testsuite skipped="0" hostname="SonyVaio-HK-PC" name="coronaCases.MP" tests="1" failures="0" timestamp="02 May 2020 13:01:57 GMT" time="15.528" errors="0">
  <testcase name="positiveCases" time="15.528" classname="coronaCases.MP"/>
</testsuite> <!-- coronaCases.MP -->
